#
# There is insufficient memory for the Java Runtime Environment to continue.
# Native memory allocation (malloc) failed to allocate 7019600 bytes. Error detail: Chunk::new
# Possible reasons:
#   The system is out of physical RAM or swap space
#   This process is running with CompressedOops enabled, and the Java Heap may be blocking the growth of the native heap
# Possible solutions:
#   Reduce memory load on the system
#   Increase physical memory or swap space
#   Check if swap backing store is full
#   Decrease Java heap size (-Xmx/-Xms)
#   Decrease number of Java threads
#   Decrease Java thread stack sizes (-Xss)
#   Set larger code cache with -XX:ReservedCodeCacheSize=
#   JVM is running with Zero Based Compressed Oops mode in which the Java heap is
#     placed in the first 32GB address space. The Java Heap base address is the
#     maximum limit for the native heap growth. Please use -XX:HeapBaseMinAddress
#     to set the Java Heap base and to place the Java Heap above 32GB virtual address.
# This output file may be truncated or incomplete.
#
#  Out of Memory Error (arena.cpp:162), pid=6900, tid=3576
#
# JRE version: Java(TM) SE Runtime Environment (24.0.2+12) (build 24.0.2+12-54)
# Java VM: Java HotSpot(TM) 64-Bit Server VM (24.0.2+12-54, mixed mode, sharing, tiered, compressed oops, compressed class ptrs, g1 gc, windows-amd64)
# No core dump will be written. Minidumps are not enabled by default on client versions of Windows
#

---------------  S U M M A R Y ------------

Command Line: --enable-native-access=ALL-UNNAMED -Dclassworlds.conf=C:\apache-maven-3.9.11\bin\m2.conf -Dmaven.home=C:\apache-maven-3.9.11 -Dlibrary.jansi.path=C:\apache-maven-3.9.11\lib\jansi-native -Dmaven.multiModuleProjectDirectory=C:\project\blog\blog\blog org.codehaus.plexus.classworlds.launcher.Launcher spring-boot:run

Host: 12th Gen Intel(R) Core(TM) i5-12500H, 16 cores, 15G,  Windows 11 , 64 bit Build 26100 (10.0.26100.4768)
Time: Wed Oct 22 07:45:30 2025 SE Asia Standard Time elapsed time: 5.138704 seconds (0d 0h 0m 5s)

---------------  T H R E A D  ---------------

Current thread (0x000001b45a054680):  JavaThread "C2 CompilerThread4" daemon [_thread_in_native, id=3576, stack(0x00000067f0500000,0x00000067f0600000) (1024K)]


Current CompileTask:
C2:5138 5006       4       org.eclipse.aether.util.graph.transformer.ConflictResolver$State::push (457 bytes)

Stack: [0x00000067f0500000,0x00000067f0600000]
Native frames: (J=compiled Java code, j=interpreted, Vv=VM code, C=native code)
V  [jvm.dll+0x730829]  (no source info available)
V  [jvm.dll+0x8d9da3]  (no source info available)
V  [jvm.dll+0x8dc28d]  (no source info available)
V  [jvm.dll+0x8dc903]  (no source info available)
V  [jvm.dll+0x2a9f56]  (no source info available)
V  [jvm.dll+0xced7f]  (no source info available)
V  [jvm.dll+0xcefdf]  (no source info available)
V  [jvm.dll+0x154c83]  (no source info available)
V  [jvm.dll+0x73604f]  (no source info available)
V  [jvm.dll+0x26f8dc]  (no source info available)
V  [jvm.dll+0x26e8ff]  (no source info available)
V  [jvm.dll+0x1e9c90]  (no source info available)
V  [jvm.dll+0x27e0cb]  (no source info available)
V  [jvm.dll+0x27c36a]  (no source info available)
V  [jvm.dll+0x42f396]  (no source info available)
V  [jvm.dll+0x87d9eb]  (no source info available)
V  [jvm.dll+0x72ef45]  (no source info available)
C  [ucrtbase.dll+0x37b0]  (no source info available)
C  [KERNEL32.DLL+0x2e8d7]  (no source info available)
C  [ntdll.dll+0x3c34c]  (no source info available)

Lock stack of current Java thread (top to bottom):


---------------  P R O C E S S  ---------------

Threads class SMR info:
_java_thread_list=0x000001b45a055280, length=19, elements={
0x000001b46fea71f0, 0x000001b47c709fe0, 0x000001b47c70a920, 0x000001b47c70d7b0,
0x000001b4580230b0, 0x000001b458023a70, 0x000001b4580245a0, 0x000001b458025400,
0x000001b45803fbc0, 0x000001b47c6f0850, 0x000001b4581fa890, 0x000001b458203810,
0x000001b4582db810, 0x000001b458cb3c20, 0x000001b458cb43b0, 0x000001b458fe57d0,
0x000001b459733730, 0x000001b45a11ad50, 0x000001b45a054680
}

Java Threads: ( => current thread )
  0x000001b46fea71f0 JavaThread "main"                              [_thread_in_vm, id=10564, stack(0x00000067ee200000,0x00000067ee300000) (1024K)]
  0x000001b47c709fe0 JavaThread "Reference Handler"          daemon [_thread_blocked, id=14116, stack(0x00000067eea00000,0x00000067eeb00000) (1024K)]
  0x000001b47c70a920 JavaThread "Finalizer"                  daemon [_thread_blocked, id=13492, stack(0x00000067eeb00000,0x00000067eec00000) (1024K)]
  0x000001b47c70d7b0 JavaThread "Signal Dispatcher"          daemon [_thread_blocked, id=25996, stack(0x00000067eec00000,0x00000067eed00000) (1024K)]
  0x000001b4580230b0 JavaThread "Attach Listener"            daemon [_thread_blocked, id=14844, stack(0x00000067eed00000,0x00000067eee00000) (1024K)]
  0x000001b458023a70 JavaThread "Service Thread"             daemon [_thread_blocked, id=23796, stack(0x00000067eee00000,0x00000067eef00000) (1024K)]
  0x000001b4580245a0 JavaThread "Monitor Deflation Thread"   daemon [_thread_blocked, id=26456, stack(0x00000067eef00000,0x00000067ef000000) (1024K)]
  0x000001b458025400 JavaThread "C2 CompilerThread0"         daemon [_thread_in_native, id=17468, stack(0x00000067ef000000,0x00000067ef100000) (1024K)]
  0x000001b45803fbc0 JavaThread "C1 CompilerThread0"         daemon [_thread_blocked, id=23340, stack(0x00000067ef100000,0x00000067ef200000) (1024K)]
  0x000001b47c6f0850 JavaThread "C1 CompilerThread1"         daemon [_thread_blocked, id=22984, stack(0x00000067ef200000,0x00000067ef300000) (1024K)]
  0x000001b4581fa890 JavaThread "Notification Thread"        daemon [_thread_blocked, id=7552, stack(0x00000067ef300000,0x00000067ef400000) (1024K)]
  0x000001b458203810 JavaThread "Common-Cleaner"             daemon [_thread_blocked, id=2596, stack(0x00000067ef400000,0x00000067ef500000) (1024K)]
  0x000001b4582db810 JavaThread "C2 CompilerThread1"         daemon [_thread_blocked, id=10864, stack(0x00000067ef500000,0x00000067ef600000) (1024K)]
  0x000001b458cb3c20 JavaThread "C1 CompilerThread2"         daemon [_thread_blocked, id=9800, stack(0x00000067ef600000,0x00000067ef700000) (1024K)]
  0x000001b458cb43b0 JavaThread "C1 CompilerThread3"         daemon [_thread_blocked, id=14048, stack(0x00000067ef700000,0x00000067ef800000) (1024K)]
  0x000001b458fe57d0 JavaThread "C2 CompilerThread2"         daemon [_thread_in_native, id=25580, stack(0x00000067ef800000,0x00000067ef900000) (1024K)]
  0x000001b459733730 JavaThread "Thread-1"                   daemon [_thread_blocked, id=7100, stack(0x00000067ef900000,0x00000067efa00000) (1024K)]
  0x000001b45a11ad50 JavaThread "C2 CompilerThread3"         daemon [_thread_blocked, id=22844, stack(0x00000067f0400000,0x00000067f0500000) (1024K)]
=>0x000001b45a054680 JavaThread "C2 CompilerThread4"         daemon [_thread_in_native, id=3576, stack(0x00000067f0500000,0x00000067f0600000) (1024K)]
Total: 19

Other Threads:
  0x000001b47c6fc9f0 VMThread "VM Thread"                           [id=17488, stack(0x00000067ee900000,0x00000067eea00000) (1024K)]
  0x000001b47c5b9350 WatcherThread "VM Periodic Task Thread"        [id=11072, stack(0x00000067ee800000,0x00000067ee900000) (1024K)]
  0x000001b472491520 WorkerThread "GC Thread#0"                     [id=6712, stack(0x00000067ee300000,0x00000067ee400000) (1024K)]
  0x000001b459102540 WorkerThread "GC Thread#1"                     [id=17156, stack(0x00000067efa00000,0x00000067efb00000) (1024K)]
  0x000001b4591028f0 WorkerThread "GC Thread#2"                     [id=3116, stack(0x00000067efb00000,0x00000067efc00000) (1024K)]
  0x000001b459102ca0 WorkerThread "GC Thread#3"                     [id=20368, stack(0x00000067efc00000,0x00000067efd00000) (1024K)]
  0x000001b4590dfb20 WorkerThread "GC Thread#4"                     [id=25968, stack(0x00000067efd00000,0x00000067efe00000) (1024K)]
  0x000001b4590dfed0 WorkerThread "GC Thread#5"                     [id=20704, stack(0x00000067efe00000,0x00000067eff00000) (1024K)]
  0x000001b4595f1340 WorkerThread "GC Thread#6"                     [id=19008, stack(0x00000067eff00000,0x00000067f0000000) (1024K)]
  0x000001b4595f16f0 WorkerThread "GC Thread#7"                     [id=1684, stack(0x00000067f0000000,0x00000067f0100000) (1024K)]
  0x000001b4595f1aa0 WorkerThread "GC Thread#8"                     [id=26436, stack(0x00000067f0100000,0x00000067f0200000) (1024K)]
  0x000001b45a30edb0 WorkerThread "GC Thread#9"                     [id=17836, stack(0x00000067f0200000,0x00000067f0300000) (1024K)]
  0x000001b45a30d790 WorkerThread "GC Thread#10"                    [id=19412, stack(0x00000067f0300000,0x00000067f0400000) (1024K)]
  0x000001b47c552010 ConcurrentGCThread "G1 Main Marker"            [id=3432, stack(0x00000067ee400000,0x00000067ee500000) (1024K)]
  0x000001b47c5538e0 WorkerThread "G1 Conc#0"                       [id=24980, stack(0x00000067ee500000,0x00000067ee600000) (1024K)]
  0x000001b47c5b1130 ConcurrentGCThread "G1 Refine#0"               [id=23524, stack(0x00000067ee600000,0x00000067ee700000) (1024K)]
  0x000001b47c5b1960 ConcurrentGCThread "G1 Service"                [id=5284, stack(0x00000067ee700000,0x00000067ee800000) (1024K)]
Total: 17

Threads with active compile tasks:
C2 CompilerThread0  6195 5005       4       org.eclipse.aether.util.graph.transformer.ConflictResolver::gatherConflictItems (111 bytes)
C2 CompilerThread2  6195 5105       4       java.util.regex.Matcher::match (154 bytes)
C2 CompilerThread4  6195 5006       4       org.eclipse.aether.util.graph.transformer.ConflictResolver$State::push (457 bytes)
Total: 3

VM state: not at safepoint (normal execution)

VM Mutex/Monitor currently owned by a thread: None

Heap address: 0x0000000705e00000, size: 4002 MB, Compressed Oops mode: Zero based, Oop shift amount: 3

CDS archive(s) mapped at: [0x000001b413000000-0x000001b413d40000-0x000001b413d40000), size 13893632, SharedBaseAddress: 0x000001b413000000, ArchiveRelocationMode: 1.
Compressed class space mapped at: 0x000001b414000000-0x000001b454000000, reserved size: 1073741824
UseCompressedClassPointers 1, UseCompactObjectHeaders 0
Narrow klass pointer bits 32, Max shift 3
Narrow klass base: 0x000001b413000000, Narrow klass shift: 0
Encoding Range: [0x000001b413000000 - 0x000001b513000000), (4294967296 bytes)
Klass Range:    [0x000001b413000000 - 0x000001b454000000), (1090519040 bytes)
Klass ID Range:  [8 - 1090519033) (1090519025)

GC Precious Log:
 CardTable entry size: 512
 Card Set container configuration: InlinePtr #cards 4 size 8 Array Of Cards #cards 16 size 48 Howl #buckets 8 coarsen threshold 3686 Howl Bitmap #cards 512 size 80 coarsen threshold 460 Card regions per heap region 1 cards per card region 4096
 CPUs: 16 total, 16 available
 Memory: 16004M
 Large Page Support: Disabled
 NUMA Support: Disabled
 Compressed Oops: Enabled (Zero based)
 Heap Region Size: 2M
 Heap Min Capacity: 8M
 Heap Initial Capacity: 252M
 Heap Max Capacity: 4002M
 Pre-touch: Disabled
 Parallel Workers: 13
 Concurrent Workers: 3
 Concurrent Refinement Workers: 13
 Periodic GC: Disabled

Heap:
 garbage-first heap   total reserved 4098048K, committed 260096K, used 23147K [0x0000000705e00000, 0x0000000800000000)
  region size 2048K, 12 young (24576K), 7 survivors (14336K)
 Metaspace       used 16777K, committed 17088K, reserved 1114112K
  class space    used 1579K, committed 1728K, reserved 1048576K

Heap Regions: E=young(eden), S=young(survivor), O=old, HS=humongous(starts), HC=humongous(continues), CS=collection set, F=free, TAMS=top-at-mark-start, PB=parsable bottom
|   0|0x0000000705e00000, 0x0000000705e00000, 0x0000000706000000|  0%| F|  |TAMS 0x0000000705e00000| PB 0x0000000705e00000| Untracked |  0
|   1|0x0000000706000000, 0x0000000706000000, 0x0000000706200000|  0%| F|  |TAMS 0x0000000706000000| PB 0x0000000706000000| Untracked |  0
|   2|0x0000000706200000, 0x0000000706200000, 0x0000000706400000|  0%| F|  |TAMS 0x0000000706200000| PB 0x0000000706200000| Untracked |  0
|   3|0x0000000706400000, 0x0000000706400000, 0x0000000706600000|  0%| F|  |TAMS 0x0000000706400000| PB 0x0000000706400000| Untracked |  0
|   4|0x0000000706600000, 0x0000000706600000, 0x0000000706800000|  0%| F|  |TAMS 0x0000000706600000| PB 0x0000000706600000| Untracked |  0
|   5|0x0000000706800000, 0x0000000706800000, 0x0000000706a00000|  0%| F|  |TAMS 0x0000000706800000| PB 0x0000000706800000| Untracked |  0
|   6|0x0000000706a00000, 0x0000000706a00000, 0x0000000706c00000|  0%| F|  |TAMS 0x0000000706a00000| PB 0x0000000706a00000| Untracked |  0
|   7|0x0000000706c00000, 0x0000000706c00000, 0x0000000706e00000|  0%| F|  |TAMS 0x0000000706c00000| PB 0x0000000706c00000| Untracked |  0
|   8|0x0000000706e00000, 0x0000000706e00000, 0x0000000707000000|  0%| F|  |TAMS 0x0000000706e00000| PB 0x0000000706e00000| Untracked |  0
|   9|0x0000000707000000, 0x0000000707000000, 0x0000000707200000|  0%| F|  |TAMS 0x0000000707000000| PB 0x0000000707000000| Untracked |  0
|  10|0x0000000707200000, 0x0000000707200000, 0x0000000707400000|  0%| F|  |TAMS 0x0000000707200000| PB 0x0000000707200000| Untracked |  0
|  11|0x0000000707400000, 0x0000000707400000, 0x0000000707600000|  0%| F|  |TAMS 0x0000000707400000| PB 0x0000000707400000| Untracked |  0
|  12|0x0000000707600000, 0x0000000707600000, 0x0000000707800000|  0%| F|  |TAMS 0x0000000707600000| PB 0x0000000707600000| Untracked |  0
|  13|0x0000000707800000, 0x0000000707800000, 0x0000000707a00000|  0%| F|  |TAMS 0x0000000707800000| PB 0x0000000707800000| Untracked |  0
|  14|0x0000000707a00000, 0x0000000707a00000, 0x0000000707c00000|  0%| F|  |TAMS 0x0000000707a00000| PB 0x0000000707a00000| Untracked |  0
|  15|0x0000000707c00000, 0x0000000707c00000, 0x0000000707e00000|  0%| F|  |TAMS 0x0000000707c00000| PB 0x0000000707c00000| Untracked |  0
|  16|0x0000000707e00000, 0x0000000707e00000, 0x0000000708000000|  0%| F|  |TAMS 0x0000000707e00000| PB 0x0000000707e00000| Untracked |  0
|  17|0x0000000708000000, 0x0000000708000000, 0x0000000708200000|  0%| F|  |TAMS 0x0000000708000000| PB 0x0000000708000000| Untracked |  0
|  18|0x0000000708200000, 0x0000000708200000, 0x0000000708400000|  0%| F|  |TAMS 0x0000000708200000| PB 0x0000000708200000| Untracked |  0
|  19|0x0000000708400000, 0x0000000708400000, 0x0000000708600000|  0%| F|  |TAMS 0x0000000708400000| PB 0x0000000708400000| Untracked |  0
|  20|0x0000000708600000, 0x0000000708600000, 0x0000000708800000|  0%| F|  |TAMS 0x0000000708600000| PB 0x0000000708600000| Untracked |  0
|  21|0x0000000708800000, 0x0000000708800000, 0x0000000708a00000|  0%| F|  |TAMS 0x0000000708800000| PB 0x0000000708800000| Untracked |  0
|  22|0x0000000708a00000, 0x0000000708a00000, 0x0000000708c00000|  0%| F|  |TAMS 0x0000000708a00000| PB 0x0000000708a00000| Untracked |  0
|  23|0x0000000708c00000, 0x0000000708c00000, 0x0000000708e00000|  0%| F|  |TAMS 0x0000000708c00000| PB 0x0000000708c00000| Untracked |  0
|  24|0x0000000708e00000, 0x0000000708e00000, 0x0000000709000000|  0%| F|  |TAMS 0x0000000708e00000| PB 0x0000000708e00000| Untracked |  0
|  25|0x0000000709000000, 0x0000000709000000, 0x0000000709200000|  0%| F|  |TAMS 0x0000000709000000| PB 0x0000000709000000| Untracked |  0
|  26|0x0000000709200000, 0x0000000709200000, 0x0000000709400000|  0%| F|  |TAMS 0x0000000709200000| PB 0x0000000709200000| Untracked |  0
|  27|0x0000000709400000, 0x0000000709400000, 0x0000000709600000|  0%| F|  |TAMS 0x0000000709400000| PB 0x0000000709400000| Untracked |  0
|  28|0x0000000709600000, 0x0000000709600000, 0x0000000709800000|  0%| F|  |TAMS 0x0000000709600000| PB 0x0000000709600000| Untracked |  0
|  29|0x0000000709800000, 0x0000000709800000, 0x0000000709a00000|  0%| F|  |TAMS 0x0000000709800000| PB 0x0000000709800000| Untracked |  0
|  30|0x0000000709a00000, 0x0000000709a00000, 0x0000000709c00000|  0%| F|  |TAMS 0x0000000709a00000| PB 0x0000000709a00000| Untracked |  0
|  31|0x0000000709c00000, 0x0000000709c00000, 0x0000000709e00000|  0%| F|  |TAMS 0x0000000709c00000| PB 0x0000000709c00000| Untracked |  0
|  32|0x0000000709e00000, 0x0000000709e00000, 0x000000070a000000|  0%| F|  |TAMS 0x0000000709e00000| PB 0x0000000709e00000| Untracked |  0
|  33|0x000000070a000000, 0x000000070a000000, 0x000000070a200000|  0%| F|  |TAMS 0x000000070a000000| PB 0x000000070a000000| Untracked |  0
|  34|0x000000070a200000, 0x000000070a200000, 0x000000070a400000|  0%| F|  |TAMS 0x000000070a200000| PB 0x000000070a200000| Untracked |  0
|  35|0x000000070a400000, 0x000000070a400000, 0x000000070a600000|  0%| F|  |TAMS 0x000000070a400000| PB 0x000000070a400000| Untracked |  0
|  36|0x000000070a600000, 0x000000070a600000, 0x000000070a800000|  0%| F|  |TAMS 0x000000070a600000| PB 0x000000070a600000| Untracked |  0
|  37|0x000000070a800000, 0x000000070a800000, 0x000000070aa00000|  0%| F|  |TAMS 0x000000070a800000| PB 0x000000070a800000| Untracked |  0
|  38|0x000000070aa00000, 0x000000070aa00000, 0x000000070ac00000|  0%| F|  |TAMS 0x000000070aa00000| PB 0x000000070aa00000| Untracked |  0
|  39|0x000000070ac00000, 0x000000070ac00000, 0x000000070ae00000|  0%| F|  |TAMS 0x000000070ac00000| PB 0x000000070ac00000| Untracked |  0
|  40|0x000000070ae00000, 0x000000070ae00000, 0x000000070b000000|  0%| F|  |TAMS 0x000000070ae00000| PB 0x000000070ae00000| Untracked |  0
|  41|0x000000070b000000, 0x000000070b000000, 0x000000070b200000|  0%| F|  |TAMS 0x000000070b000000| PB 0x000000070b000000| Untracked |  0
|  42|0x000000070b200000, 0x000000070b200000, 0x000000070b400000|  0%| F|  |TAMS 0x000000070b200000| PB 0x000000070b200000| Untracked |  0
|  43|0x000000070b400000, 0x000000070b400000, 0x000000070b600000|  0%| F|  |TAMS 0x000000070b400000| PB 0x000000070b400000| Untracked |  0
|  44|0x000000070b600000, 0x000000070b600000, 0x000000070b800000|  0%| F|  |TAMS 0x000000070b600000| PB 0x000000070b600000| Untracked |  0
|  45|0x000000070b800000, 0x000000070b800000, 0x000000070ba00000|  0%| F|  |TAMS 0x000000070b800000| PB 0x000000070b800000| Untracked |  0
|  46|0x000000070ba00000, 0x000000070ba00000, 0x000000070bc00000|  0%| F|  |TAMS 0x000000070ba00000| PB 0x000000070ba00000| Untracked |  0
|  47|0x000000070bc00000, 0x000000070bc00000, 0x000000070be00000|  0%| F|  |TAMS 0x000000070bc00000| PB 0x000000070bc00000| Untracked |  0
|  48|0x000000070be00000, 0x000000070be00000, 0x000000070c000000|  0%| F|  |TAMS 0x000000070be00000| PB 0x000000070be00000| Untracked |  0
|  49|0x000000070c000000, 0x000000070c000000, 0x000000070c200000|  0%| F|  |TAMS 0x000000070c000000| PB 0x000000070c000000| Untracked |  0
|  50|0x000000070c200000, 0x000000070c200000, 0x000000070c400000|  0%| F|  |TAMS 0x000000070c200000| PB 0x000000070c200000| Untracked |  0
|  51|0x000000070c400000, 0x000000070c400000, 0x000000070c600000|  0%| F|  |TAMS 0x000000070c400000| PB 0x000000070c400000| Untracked |  0
|  52|0x000000070c600000, 0x000000070c600000, 0x000000070c800000|  0%| F|  |TAMS 0x000000070c600000| PB 0x000000070c600000| Untracked |  0
|  53|0x000000070c800000, 0x000000070c800000, 0x000000070ca00000|  0%| F|  |TAMS 0x000000070c800000| PB 0x000000070c800000| Untracked |  0
|  54|0x000000070ca00000, 0x000000070ca00000, 0x000000070cc00000|  0%| F|  |TAMS 0x000000070ca00000| PB 0x000000070ca00000| Untracked |  0
|  55|0x000000070cc00000, 0x000000070cc00000, 0x000000070ce00000|  0%| F|  |TAMS 0x000000070cc00000| PB 0x000000070cc00000| Untracked |  0
|  56|0x000000070ce00000, 0x000000070ce00000, 0x000000070d000000|  0%| F|  |TAMS 0x000000070ce00000| PB 0x000000070ce00000| Untracked |  0
|  57|0x000000070d000000, 0x000000070d000000, 0x000000070d200000|  0%| F|  |TAMS 0x000000070d000000| PB 0x000000070d000000| Untracked |  0
|  58|0x000000070d200000, 0x000000070d200000, 0x000000070d400000|  0%| F|  |TAMS 0x000000070d200000| PB 0x000000070d200000| Untracked |  0
|  59|0x000000070d400000, 0x000000070d400000, 0x000000070d600000|  0%| F|  |TAMS 0x000000070d400000| PB 0x000000070d400000| Untracked |  0
|  60|0x000000070d600000, 0x000000070d600000, 0x000000070d800000|  0%| F|  |TAMS 0x000000070d600000| PB 0x000000070d600000| Untracked |  0
|  61|0x000000070d800000, 0x000000070d800000, 0x000000070da00000|  0%| F|  |TAMS 0x000000070d800000| PB 0x000000070d800000| Untracked |  0
|  62|0x000000070da00000, 0x000000070db7dd20, 0x000000070dc00000| 74%| S|CS|TAMS 0x000000070da00000| PB 0x000000070da00000| Complete |  0
|  63|0x000000070dc00000, 0x000000070de00000, 0x000000070de00000|100%| S|CS|TAMS 0x000000070dc00000| PB 0x000000070dc00000| Complete |  0
|  64|0x000000070de00000, 0x000000070e000000, 0x000000070e000000|100%| S|CS|TAMS 0x000000070de00000| PB 0x000000070de00000| Complete |  0
|  65|0x000000070e000000, 0x000000070e200000, 0x000000070e200000|100%| S|CS|TAMS 0x000000070e000000| PB 0x000000070e000000| Complete |  0
|  66|0x000000070e200000, 0x000000070e400000, 0x000000070e400000|100%| S|CS|TAMS 0x000000070e200000| PB 0x000000070e200000| Complete |  0
|  67|0x000000070e400000, 0x000000070e600000, 0x000000070e600000|100%| S|CS|TAMS 0x000000070e400000| PB 0x000000070e400000| Complete |  0
|  68|0x000000070e600000, 0x000000070e800000, 0x000000070e800000|100%| S|CS|TAMS 0x000000070e600000| PB 0x000000070e600000| Complete |  0
|  69|0x000000070e800000, 0x000000070e800000, 0x000000070ea00000|  0%| F|  |TAMS 0x000000070e800000| PB 0x000000070e800000| Untracked |  0
|  70|0x000000070ea00000, 0x000000070ea00000, 0x000000070ec00000|  0%| F|  |TAMS 0x000000070ea00000| PB 0x000000070ea00000| Untracked |  0
|  71|0x000000070ec00000, 0x000000070ec00000, 0x000000070ee00000|  0%| F|  |TAMS 0x000000070ec00000| PB 0x000000070ec00000| Untracked |  0
|  72|0x000000070ee00000, 0x000000070ee00000, 0x000000070f000000|  0%| F|  |TAMS 0x000000070ee00000| PB 0x000000070ee00000| Untracked |  0
|  73|0x000000070f000000, 0x000000070f000000, 0x000000070f200000|  0%| F|  |TAMS 0x000000070f000000| PB 0x000000070f000000| Untracked |  0
|  74|0x000000070f200000, 0x000000070f200000, 0x000000070f400000|  0%| F|  |TAMS 0x000000070f200000| PB 0x000000070f200000| Untracked |  0
|  75|0x000000070f400000, 0x000000070f400000, 0x000000070f600000|  0%| F|  |TAMS 0x000000070f400000| PB 0x000000070f400000| Untracked |  0
|  76|0x000000070f600000, 0x000000070f600000, 0x000000070f800000|  0%| F|  |TAMS 0x000000070f600000| PB 0x000000070f600000| Untracked |  0
|  77|0x000000070f800000, 0x000000070f800000, 0x000000070fa00000|  0%| F|  |TAMS 0x000000070f800000| PB 0x000000070f800000| Untracked |  0
|  78|0x000000070fa00000, 0x000000070fa00000, 0x000000070fc00000|  0%| F|  |TAMS 0x000000070fa00000| PB 0x000000070fa00000| Untracked |  0
|  79|0x000000070fc00000, 0x000000070fc00000, 0x000000070fe00000|  0%| F|  |TAMS 0x000000070fc00000| PB 0x000000070fc00000| Untracked |  0
|  80|0x000000070fe00000, 0x000000070fe00000, 0x0000000710000000|  0%| F|  |TAMS 0x000000070fe00000| PB 0x000000070fe00000| Untracked |  0
|  81|0x0000000710000000, 0x0000000710000000, 0x0000000710200000|  0%| F|  |TAMS 0x0000000710000000| PB 0x0000000710000000| Untracked |  0
|  82|0x0000000710200000, 0x0000000710200000, 0x0000000710400000|  0%| F|  |TAMS 0x0000000710200000| PB 0x0000000710200000| Untracked |  0
|  83|0x0000000710400000, 0x0000000710400000, 0x0000000710600000|  0%| F|  |TAMS 0x0000000710400000| PB 0x0000000710400000| Untracked |  0
|  84|0x0000000710600000, 0x0000000710600000, 0x0000000710800000|  0%| F|  |TAMS 0x0000000710600000| PB 0x0000000710600000| Untracked |  0
|  85|0x0000000710800000, 0x0000000710800000, 0x0000000710a00000|  0%| F|  |TAMS 0x0000000710800000| PB 0x0000000710800000| Untracked |  0
|  86|0x0000000710a00000, 0x0000000710a00000, 0x0000000710c00000|  0%| F|  |TAMS 0x0000000710a00000| PB 0x0000000710a00000| Untracked |  0
|  87|0x0000000710c00000, 0x0000000710c00000, 0x0000000710e00000|  0%| F|  |TAMS 0x0000000710c00000| PB 0x0000000710c00000| Untracked |  0
|  88|0x0000000710e00000, 0x0000000710e00000, 0x0000000711000000|  0%| F|  |TAMS 0x0000000710e00000| PB 0x0000000710e00000| Untracked |  0
|  89|0x0000000711000000, 0x0000000711000000, 0x0000000711200000|  0%| F|  |TAMS 0x0000000711000000| PB 0x0000000711000000| Untracked |  0
|  90|0x0000000711200000, 0x0000000711200000, 0x0000000711400000|  0%| F|  |TAMS 0x0000000711200000| PB 0x0000000711200000| Untracked |  0
|  91|0x0000000711400000, 0x0000000711400000, 0x0000000711600000|  0%| F|  |TAMS 0x0000000711400000| PB 0x0000000711400000| Untracked |  0
|  92|0x0000000711600000, 0x0000000711600000, 0x0000000711800000|  0%| F|  |TAMS 0x0000000711600000| PB 0x0000000711600000| Untracked |  0
|  93|0x0000000711800000, 0x0000000711800000, 0x0000000711a00000|  0%| F|  |TAMS 0x0000000711800000| PB 0x0000000711800000| Untracked |  0
|  94|0x0000000711a00000, 0x0000000711a00000, 0x0000000711c00000|  0%| F|  |TAMS 0x0000000711a00000| PB 0x0000000711a00000| Untracked |  0
|  95|0x0000000711c00000, 0x0000000711c00000, 0x0000000711e00000|  0%| F|  |TAMS 0x0000000711c00000| PB 0x0000000711c00000| Untracked |  0
|  96|0x0000000711e00000, 0x0000000711e00000, 0x0000000712000000|  0%| F|  |TAMS 0x0000000711e00000| PB 0x0000000711e00000| Untracked |  0
|  97|0x0000000712000000, 0x0000000712000000, 0x0000000712200000|  0%| F|  |TAMS 0x0000000712000000| PB 0x0000000712000000| Untracked |  0
|  98|0x0000000712200000, 0x0000000712200000, 0x0000000712400000|  0%| F|  |TAMS 0x0000000712200000| PB 0x0000000712200000| Untracked |  0
|  99|0x0000000712400000, 0x0000000712400000, 0x0000000712600000|  0%| F|  |TAMS 0x0000000712400000| PB 0x0000000712400000| Untracked |  0
| 100|0x0000000712600000, 0x0000000712600000, 0x0000000712800000|  0%| F|  |TAMS 0x0000000712600000| PB 0x0000000712600000| Untracked |  0
| 101|0x0000000712800000, 0x0000000712800000, 0x0000000712a00000|  0%| F|  |TAMS 0x0000000712800000| PB 0x0000000712800000| Untracked |  0
| 102|0x0000000712a00000, 0x0000000712a00000, 0x0000000712c00000|  0%| F|  |TAMS 0x0000000712a00000| PB 0x0000000712a00000| Untracked |  0
| 103|0x0000000712c00000, 0x0000000712c00000, 0x0000000712e00000|  0%| F|  |TAMS 0x0000000712c00000| PB 0x0000000712c00000| Untracked |  0
| 104|0x0000000712e00000, 0x0000000712e00000, 0x0000000713000000|  0%| F|  |TAMS 0x0000000712e00000| PB 0x0000000712e00000| Untracked |  0
| 105|0x0000000713000000, 0x0000000713000000, 0x0000000713200000|  0%| F|  |TAMS 0x0000000713000000| PB 0x0000000713000000| Untracked |  0
| 106|0x0000000713200000, 0x0000000713200000, 0x0000000713400000|  0%| F|  |TAMS 0x0000000713200000| PB 0x0000000713200000| Untracked |  0
| 107|0x0000000713400000, 0x0000000713400000, 0x0000000713600000|  0%| F|  |TAMS 0x0000000713400000| PB 0x0000000713400000| Untracked |  0
| 108|0x0000000713600000, 0x0000000713600000, 0x0000000713800000|  0%| F|  |TAMS 0x0000000713600000| PB 0x0000000713600000| Untracked |  0
| 109|0x0000000713800000, 0x0000000713800000, 0x0000000713a00000|  0%| F|  |TAMS 0x0000000713800000| PB 0x0000000713800000| Untracked |  0
| 110|0x0000000713a00000, 0x0000000713a00000, 0x0000000713c00000|  0%| F|  |TAMS 0x0000000713a00000| PB 0x0000000713a00000| Untracked |  0
| 111|0x0000000713c00000, 0x0000000713c00000, 0x0000000713e00000|  0%| F|  |TAMS 0x0000000713c00000| PB 0x0000000713c00000| Untracked |  0
| 112|0x0000000713e00000, 0x0000000713e00000, 0x0000000714000000|  0%| F|  |TAMS 0x0000000713e00000| PB 0x0000000713e00000| Untracked |  0
| 113|0x0000000714000000, 0x0000000714000000, 0x0000000714200000|  0%| F|  |TAMS 0x0000000714000000| PB 0x0000000714000000| Untracked |  0
| 114|0x0000000714200000, 0x0000000714200000, 0x0000000714400000|  0%| F|  |TAMS 0x0000000714200000| PB 0x0000000714200000| Untracked |  0
| 115|0x0000000714400000, 0x0000000714400000, 0x0000000714600000|  0%| F|  |TAMS 0x0000000714400000| PB 0x0000000714400000| Untracked |  0
| 116|0x0000000714600000, 0x0000000714600000, 0x0000000714800000|  0%| F|  |TAMS 0x0000000714600000| PB 0x0000000714600000| Untracked |  0
| 117|0x0000000714800000, 0x0000000714800000, 0x0000000714a00000|  0%| F|  |TAMS 0x0000000714800000| PB 0x0000000714800000| Untracked |  0
| 118|0x0000000714a00000, 0x0000000714a00000, 0x0000000714c00000|  0%| F|  |TAMS 0x0000000714a00000| PB 0x0000000714a00000| Untracked |  0
| 119|0x0000000714c00000, 0x0000000714c00000, 0x0000000714e00000|  0%| F|  |TAMS 0x0000000714c00000| PB 0x0000000714c00000| Untracked |  0
| 120|0x0000000714e00000, 0x0000000714f00000, 0x0000000715000000| 50%| E|  |TAMS 0x0000000714e00000| PB 0x0000000714e00000| Complete |  0
| 121|0x0000000715000000, 0x0000000715200000, 0x0000000715200000|100%| E|CS|TAMS 0x0000000715000000| PB 0x0000000715000000| Complete |  0
| 122|0x0000000715200000, 0x0000000715400000, 0x0000000715400000|100%| E|CS|TAMS 0x0000000715200000| PB 0x0000000715200000| Complete |  0
| 123|0x0000000715400000, 0x0000000715600000, 0x0000000715600000|100%| E|CS|TAMS 0x0000000715400000| PB 0x0000000715400000| Complete |  0
| 124|0x0000000715600000, 0x0000000715800000, 0x0000000715800000|100%| E|CS|TAMS 0x0000000715600000| PB 0x0000000715600000| Complete |  0
| 125|0x0000000715800000, 0x0000000715a00000, 0x0000000715a00000|100%| E|CS|TAMS 0x0000000715800000| PB 0x0000000715800000| Complete |  0
|2000|0x00000007ffe00000, 0x00000007fff1d248, 0x0000000800000000| 55%| O|  |TAMS 0x00000007ffe00000| PB 0x00000007ffe00000| Untracked |  0

Card table byte_map: [0x000001b47bd30000,0x000001b47c510000] _byte_map_base: 0x000001b478501000

Marking Bits: (CMBitMap*) 0x000001b472491c30
 Bits: [0x000001b40f000000, 0x000001b412e88000)

Polling page: 0x000001b470140000

Metaspace:

Usage:
  Non-class:     14.84 MB used.
      Class:      1.54 MB used.
       Both:     16.39 MB used.

Virtual space:
  Non-class space:       64.00 MB reserved,      15.00 MB ( 23%) committed,  1 nodes.
      Class space:        1.00 GB reserved,       1.69 MB ( <1%) committed,  1 nodes.
             Both:        1.06 GB reserved,      16.69 MB (  2%) committed. 

Chunk freelists:
   Non-Class:  176.00 KB
       Class:  14.30 MB
        Both:  14.47 MB

MaxMetaspaceSize: unlimited
CompressedClassSpaceSize: 1.00 GB
Initial GC threshold: 21.00 MB
Current GC threshold: 21.00 MB
CDS: on
 - commit_granule_bytes: 65536.
 - commit_granule_words: 8192.
 - virtual_space_node_default_size: 8388608.
 - enlarge_chunks_in_place: 1.
UseCompressedClassPointers 1, UseCompactObjectHeaders 0
Narrow klass pointer bits 32, Max shift 3
Narrow klass base: 0x000001b413000000, Narrow klass shift: 0
Encoding Range: [0x000001b413000000 - 0x000001b513000000), (4294967296 bytes)
Klass Range:    [0x000001b413000000 - 0x000001b454000000), (1090519040 bytes)
Klass ID Range:  [8 - 1090519033) (1090519025)


Internal statistics:

num_allocs_failed_limit: 0.
num_arena_births: 196.
num_arena_deaths: 0.
num_vsnodes_births: 2.
num_vsnodes_deaths: 0.
num_space_committed: 267.
num_space_uncommitted: 0.
num_chunks_returned_to_freelist: 0.
num_chunks_taken_from_freelist: 732.
num_chunk_merges: 0.
num_chunk_splits: 516.
num_chunks_enlarged: 421.
num_inconsistent_stats: 0.

CodeHeap 'non-profiled nmethods': size=119232Kb used=1973Kb max_used=1973Kb free=117258Kb
 bounds [0x000001b407b90000, 0x000001b407e00000, 0x000001b40f000000]
CodeHeap 'profiled nmethods': size=119104Kb used=9534Kb max_used=9534Kb free=109569Kb
 bounds [0x000001b400000000, 0x000001b400950000, 0x000001b407450000]
CodeHeap 'non-nmethods': size=7424Kb used=3048Kb max_used=3180Kb free=4375Kb
 bounds [0x000001b407450000, 0x000001b407780000, 0x000001b407b90000]
CodeCache: size=245760Kb, used=14555Kb, max_used=14687Kb, free=231202Kb
 total_blobs=5772, nmethods=5256, adapters=414, full_count=0
Compilation: enabled, stopped_count=0, restarted_count=0

Compilation events (20 events):
Event: 3.127 Thread 0x000001b45803fbc0 nmethod 5093 0x000001b4008d5c88 code [0x000001b4008d5da0, 0x000001b4008d5f00]
Event: 3.127 Thread 0x000001b45803fbc0 5094   !   3       org.eclipse.aether.internal.impl.DefaultArtifactResolver::getFile (163 bytes)
Event: 3.127 Thread 0x000001b458cb3c20 nmethod 5092 0x000001b4008d5f88 code [0x000001b4008d60e0, 0x000001b4008d6888]
Event: 3.128 Thread 0x000001b47c6f0850 nmethod 5078 0x000001b4008d6908 code [0x000001b4008d6d00, 0x000001b4008d8ca8]
Event: 3.128 Thread 0x000001b458cb3c20 5095       3       org.eclipse.aether.artifact.AbstractArtifact::isSnapshot (8 bytes)
Event: 3.128 Thread 0x000001b47c6f0850 5096       3       org.eclipse.aether.artifact.AbstractArtifact::isSnapshot (28 bytes)
Event: 3.128 Thread 0x000001b458cb43b0 nmethod 5089 0x000001b4008d8d88 code [0x000001b4008d90a0, 0x000001b4008dac00]
Event: 3.128 Thread 0x000001b458cb3c20 nmethod 5095 0x000001b4008dad08 code [0x000001b4008daea0, 0x000001b4008db8c8]
Event: 3.128 Thread 0x000001b47c6f0850 nmethod 5096 0x000001b4008db988 code [0x000001b4008dbb00, 0x000001b4008dc488]
Event: 3.129 Thread 0x000001b45803fbc0 nmethod 5094 0x000001b4008dc508 code [0x000001b4008dc920, 0x000001b4008def38]
Event: 3.131 Thread 0x000001b45a11ad50 5097       4       sun.nio.ch.FileKey::hashCode (15 bytes)
Event: 3.132 Thread 0x000001b45a11ad50 nmethod 5097 0x000001b407d70d88 code [0x000001b407d70e80, 0x000001b407d70f00]
Event: 3.140 Thread 0x000001b4582db810 5098       4       java.util.Properties::loadConvert (540 bytes)
Event: 3.184 Thread 0x000001b45803fbc0 5099   !   3       org.eclipse.aether.internal.impl.DefaultArtifactResolver::resolve (1386 bytes)
Event: 3.205 Thread 0x000001b458cb43b0 5100       3       org.apache.maven.ReactorReader::findArtifact (77 bytes)
Event: 3.205 Thread 0x000001b458cb43b0 nmethod 5100 0x000001b4008df088 code [0x000001b4008df220, 0x000001b4008df918]
Event: 3.206 Thread 0x000001b45a11ad50 5101 %     4       java.io.WinNTFileSystem::normalize @ 58 (224 bytes)
Event: 3.214 Thread 0x000001b458fe57d0 5102       4       java.lang.String::getChars (55 bytes)
Event: 3.215 Thread 0x000001b458cb43b0 5104       3       org.eclipse.aether.artifact.DefaultArtifact::<init> (59 bytes)
Event: 4.135 Thread 0x000001b458cb43b0 nmethod 5104 0x000001b4008df988 code [0x000001b4008dfb00, 0x000001b4008e0298]

GC Heap History (4 events):
Event: 1.335 GC heap before
{Heap before GC invocations=0 (full 0):
 garbage-first heap   total reserved 4098048K, committed 260096K, used 48244K [0x0000000705e00000, 0x0000000800000000)
  region size 2048K, 24 young (49152K), 0 survivors (0K)
 Metaspace       used 9450K, committed 9664K, reserved 1114112K
  class space    used 846K, committed 960K, reserved 1048576K
}
Event: 1.340 GC heap after
{Heap after GC invocations=1 (full 0):
 garbage-first heap   total reserved 4098048K, committed 260096K, used 5791K [0x0000000705e00000, 0x0000000800000000)
  region size 2048K, 3 young (6144K), 3 survivors (6144K)
 Metaspace       used 9450K, committed 9664K, reserved 1114112K
  class space    used 846K, committed 960K, reserved 1048576K
}
Event: 3.031 GC heap before
{Heap before GC invocations=1 (full 0):
 garbage-first heap   total reserved 4098048K, committed 260096K, used 116383K [0x0000000705e00000, 0x0000000800000000)
  region size 2048K, 57 young (116736K), 3 survivors (6144K)
 Metaspace       used 16496K, committed 16832K, reserved 1114112K
  class space    used 1568K, committed 1728K, reserved 1048576K
}
Event: 3.042 GC heap after
{Heap after GC invocations=2 (full 0):
 garbage-first heap   total reserved 4098048K, committed 260096K, used 14955K [0x0000000705e00000, 0x0000000800000000)
  region size 2048K, 7 young (14336K), 7 survivors (14336K)
 Metaspace       used 16496K, committed 16832K, reserved 1114112K
  class space    used 1568K, committed 1728K, reserved 1048576K
}

Dll operation events (8 events):
Event: 0.009 Loaded shared library C:\Program Files\Java\jdk-24\bin\java.dll
Event: 0.037 Loaded shared library C:\Program Files\Java\jdk-24\bin\jsvml.dll
Event: 0.051 Loaded shared library C:\Program Files\Java\jdk-24\bin\net.dll
Event: 0.053 Loaded shared library C:\Program Files\Java\jdk-24\bin\nio.dll
Event: 0.058 Loaded shared library C:\Program Files\Java\jdk-24\bin\zip.dll
Event: 0.232 Loaded shared library C:\Program Files\Java\jdk-24\bin\jimage.dll
Event: 0.234 Loaded shared library C:\apache-maven-3.9.11\lib\jansi-native\Windows\x86_64\jansi.dll
Event: 0.251 Loaded shared library C:\Program Files\Java\jdk-24\bin\verify.dll

Deoptimization events (20 events):
Event: 2.754 Thread 0x000001b46fea71f0 DEOPT PACKING pc=0x000001b407d36528 sp=0x00000067ee2fc040
Event: 2.754 Thread 0x000001b46fea71f0 DEOPT UNPACKING pc=0x000001b407566382 sp=0x00000067ee2fbfb8 mode 2
Event: 2.754 Thread 0x000001b46fea71f0 Uncommon trap: trap_request=0xffffffd6 fr.pc=0x000001b407d36528 relative=0x00000000000002e8
Event: 2.754 Thread 0x000001b46fea71f0 Uncommon trap: reason=array_check action=maybe_recompile pc=0x000001b407d36528 method=java.util.HashMap.keysToArray([Ljava/lang/Object;)[Ljava/lang/Object; @ 62 c2
Event: 2.754 Thread 0x000001b46fea71f0 DEOPT PACKING pc=0x000001b407d36528 sp=0x00000067ee2fc040
Event: 2.754 Thread 0x000001b46fea71f0 DEOPT UNPACKING pc=0x000001b407566382 sp=0x00000067ee2fbfb8 mode 2
Event: 2.754 Thread 0x000001b46fea71f0 Uncommon trap: trap_request=0xffffffd6 fr.pc=0x000001b407d36528 relative=0x00000000000002e8
Event: 2.754 Thread 0x000001b46fea71f0 Uncommon trap: reason=array_check action=maybe_recompile pc=0x000001b407d36528 method=java.util.HashMap.keysToArray([Ljava/lang/Object;)[Ljava/lang/Object; @ 62 c2
Event: 2.754 Thread 0x000001b46fea71f0 DEOPT PACKING pc=0x000001b407d36528 sp=0x00000067ee2fc040
Event: 2.754 Thread 0x000001b46fea71f0 DEOPT UNPACKING pc=0x000001b407566382 sp=0x00000067ee2fbfb8 mode 2
Event: 2.754 Thread 0x000001b46fea71f0 Uncommon trap: trap_request=0xffffffd6 fr.pc=0x000001b407d36528 relative=0x00000000000002e8
Event: 2.754 Thread 0x000001b46fea71f0 Uncommon trap: reason=array_check action=maybe_recompile pc=0x000001b407d36528 method=java.util.HashMap.keysToArray([Ljava/lang/Object;)[Ljava/lang/Object; @ 62 c2
Event: 2.754 Thread 0x000001b46fea71f0 DEOPT PACKING pc=0x000001b407d36528 sp=0x00000067ee2fbf70
Event: 2.754 Thread 0x000001b46fea71f0 DEOPT UNPACKING pc=0x000001b407566382 sp=0x00000067ee2fbee8 mode 2
Event: 2.973 Thread 0x000001b46fea71f0 DEOPT PACKING pc=0x000001b4005b2dbd sp=0x00000067ee2fc390
Event: 2.973 Thread 0x000001b46fea71f0 DEOPT UNPACKING pc=0x000001b4074a5722 sp=0x00000067ee2fb870 mode 0
Event: 3.028 Thread 0x000001b46fea71f0 Uncommon trap: trap_request=0xffffff4d fr.pc=0x000001b407d09a70 relative=0x0000000000000e30
Event: 3.028 Thread 0x000001b46fea71f0 Uncommon trap: reason=unstable_if action=reinterpret pc=0x000001b407d09a70 method=java.util.HashMap.putVal(ILjava/lang/Object;Ljava/lang/Object;ZZ)Ljava/lang/Object; @ 193 c2
Event: 3.028 Thread 0x000001b46fea71f0 DEOPT PACKING pc=0x000001b407d09a70 sp=0x00000067ee2fd5a0
Event: 3.028 Thread 0x000001b46fea71f0 DEOPT UNPACKING pc=0x000001b407566382 sp=0x00000067ee2fd428 mode 2

Classes loaded (20 events):
Event: 1.944 Loading class java/util/AbstractMap$ValueIterator
Event: 1.944 Loading class java/util/AbstractMap$ValueIterator done
Event: 1.978 Loading class java/util/stream/IntStream
Event: 1.994 Loading class java/util/stream/IntStream done
Event: 1.994 Loading class java/util/Spliterators$EmptySpliterator$OfInt
Event: 1.995 Loading class java/util/Spliterator$OfInt
Event: 1.995 Loading class java/util/Spliterator$OfPrimitive
Event: 1.996 Loading class java/util/Spliterator$OfPrimitive done
Event: 1.996 Loading class java/util/Spliterator$OfInt done
Event: 1.996 Loading class java/util/Spliterators$EmptySpliterator$OfInt done
Event: 1.996 Loading class java/util/stream/IntPipeline$Head
Event: 1.996 Loading class java/util/stream/IntPipeline
Event: 1.997 Loading class java/util/stream/IntPipeline done
Event: 1.997 Loading class java/util/stream/IntPipeline$Head done
Event: 2.000 Loading class java/util/StringTokenizer
Event: 2.000 Loading class java/util/StringTokenizer done
Event: 2.038 Loading class java/util/stream/Streams$RangeIntSpliterator
Event: 2.052 Loading class java/util/stream/Streams$RangeIntSpliterator done
Event: 2.979 Loading class sun/nio/cs/ISO_8859_1$Decoder
Event: 2.990 Loading class sun/nio/cs/ISO_8859_1$Decoder done

Classes unloaded (0 events):
No events

Classes redefined (0 events):
No events

Internal exceptions (20 events):
Event: 1.493 Thread 0x000001b46fea71f0 Exception <a 'java/lang/NoSuchMethodError'{0x0000000715058380}: 'java.lang.Object java.lang.invoke.DirectMethodHandle$Holder.invokeStatic(java.lang.Object, java.lang.Object, java.lang.Object, java.lang.Object, java.lang.Object, java.lang.Object, java.lang.Object, java.lang.Object)'> (0x0000000715058380) 
thrown [s\open\src\hotspot\share\interpreter\linkResolver.cpp, line 805]
Event: 1.494 Thread 0x000001b46fea71f0 Exception <a 'java/lang/NoSuchMethodError'{0x000000071506b368}: 'java.lang.Object java.lang.invoke.Invokers$Holder.invokeExact_MT(java.lang.Object, java.lang.Object, java.lang.Object, java.lang.Object, java.lang.Object, java.lang.Object)'> (0x000000071506b368) 
thrown [s\open\src\hotspot\share\interpreter\linkResolver.cpp, line 805]
Event: 1.496 Thread 0x000001b46fea71f0 Implicit null exception at 0x000001b407c0ac3d to 0x000001b407c0add0
Event: 1.497 Thread 0x000001b46fea71f0 Exception <a 'java/lang/NoSuchMethodError'{0x0000000715084340}: 'java.lang.Object java.lang.invoke.Invokers$Holder.invokeExact_MT(java.lang.Object, int, java.lang.Object)'> (0x0000000715084340) 
thrown [s\open\src\hotspot\share\interpreter\linkResolver.cpp, line 805]
Event: 1.681 Thread 0x000001b46fea71f0 Exception <a 'java/lang/NoSuchMethodError'{0x000000071483c680}: 'void java.lang.invoke.Invokers$Holder.invokeExact_MT(java.lang.Object, java.lang.Object, java.lang.Object, java.lang.Object)'> (0x000000071483c680) 
thrown [s\open\src\hotspot\share\interpreter\linkResolver.cpp, line 805]
Event: 1.697 Thread 0x000001b46fea71f0 Exception <a 'java/lang/NoClassDefFoundError'{0x00000007148da100}: com/google/inject/servlet/ServletModuleTargetVisitor> (0x00000007148da100) 
thrown [s\open\src\hotspot\share\classfile\systemDictionary.cpp, line 316]
Event: 1.770 Thread 0x000001b46fea71f0 Exception <a 'java/lang/NoSuchMethodError'{0x0000000714690688}: 'void java.lang.invoke.DirectMethodHandle$Holder.invokeVirtual(java.lang.Object, java.lang.Object)'> (0x0000000714690688) 
thrown [s\open\src\hotspot\share\interpreter\linkResolver.cpp, line 805]
Event: 1.810 Thread 0x000001b46fea71f0 Exception <a 'java/lang/NoSuchMethodError'{0x000000071472e358}: 'java.lang.Object java.lang.invoke.DirectMethodHandle$Holder.invokeStaticInit(java.lang.Object, int, int, int, int)'> (0x000000071472e358) 
thrown [s\open\src\hotspot\share\interpreter\linkResolver.cpp, line 805]
Event: 1.908 Thread 0x000001b46fea71f0 Implicit null exception at 0x000001b407bee114 to 0x000001b407bee6d8
Event: 1.908 Thread 0x000001b46fea71f0 Implicit null exception at 0x000001b407bd0710 to 0x000001b407bd0cc4
Event: 1.948 Thread 0x000001b46fea71f0 Exception <a 'java/lang/NoSuchMethodError'{0x00000007140c1e30}: 'void java.lang.invoke.DirectMethodHandle$Holder.invokeSpecial(java.lang.Object, java.lang.Object, java.lang.Object, java.lang.Object, java.lang.Object)'> (0x00000007140c1e30) 
thrown [s\open\src\hotspot\share\interpreter\linkResolver.cpp, line 805]
Event: 1.951 Thread 0x000001b46fea71f0 Exception <a 'java/lang/NoSuchMethodError'{0x00000007140fa6f0}: 'void java.lang.invoke.DirectMethodHandle$Holder.invokeSpecial(java.lang.Object, java.lang.Object, java.lang.Object, java.lang.Object, java.lang.Object, java.lang.Object)'> (0x00000007140fa6f0) 
thrown [s\open\src\hotspot\share\interpreter\linkResolver.cpp, line 805]
Event: 1.961 Thread 0x000001b46fea71f0 Exception <a 'java/lang/NoSuchMethodError'{0x00000007141f32b0}: 'java.lang.Object java.lang.invoke.DirectMethodHandle$Holder.invokeVirtual(java.lang.Object, java.lang.Object, java.lang.Object)'> (0x00000007141f32b0) 
thrown [s\open\src\hotspot\share\interpreter\linkResolver.cpp, line 805]
Event: 2.006 Thread 0x000001b46fea71f0 Exception <a 'java/lang/NoSuchMethodError'{0x0000000713f70518}: 'void java.lang.invoke.DirectMethodHandle$Holder.invokeVirtual(java.lang.Object, java.lang.Object, int)'> (0x0000000713f70518) 
thrown [s\open\src\hotspot\share\interpreter\linkResolver.cpp, line 805]
Event: 2.006 Thread 0x000001b46fea71f0 Exception <a 'java/lang/NoSuchMethodError'{0x0000000713f78cd0}: 'void java.lang.invoke.DirectMethodHandle$Holder.invokeSpecial(java.lang.Object, java.lang.Object, java.lang.Object, int)'> (0x0000000713f78cd0) 
thrown [s\open\src\hotspot\share\interpreter\linkResolver.cpp, line 805]
Event: 2.007 Thread 0x000001b46fea71f0 Exception <a 'java/lang/NoSuchMethodError'{0x0000000713f81030}: 'void java.lang.invoke.DelegatingMethodHandle$Holder.reinvoke_L(java.lang.Object, java.lang.Object, int)'> (0x0000000713f81030) 
thrown [s\open\src\hotspot\share\interpreter\linkResolver.cpp, line 805]
Event: 2.294 Thread 0x000001b46fea71f0 Implicit null exception at 0x000001b407c966e5 to 0x000001b407c97328
Event: 2.295 Thread 0x000001b46fea71f0 Implicit null exception at 0x000001b407c384eb to 0x000001b407c386c8
Event: 2.295 Thread 0x000001b46fea71f0 Implicit null exception at 0x000001b407c843f9 to 0x000001b407c84a78
Event: 2.302 Thread 0x000001b46fea71f0 Exception <a 'java/lang/NoSuchMethodError'{0x0000000711ebdd80}: 'int java.lang.invoke.DirectMethodHandle$Holder.invokeSpecialIFC(java.lang.Object, java.lang.Object, java.lang.Object, java.lang.Object)'> (0x0000000711ebdd80) 
thrown [s\open\src\hotspot\share\interpreter\linkResolver.cpp, line 805]

VM Operations (20 events):
Event: 1.535 Executing VM operation: HandshakeAllThreads (Deoptimize)
Event: 1.535 Executing VM operation: HandshakeAllThreads (Deoptimize) done
Event: 1.576 Executing VM operation: HandshakeAllThreads (Deoptimize)
Event: 1.576 Executing VM operation: HandshakeAllThreads (Deoptimize) done
Event: 1.678 Executing VM operation: HandshakeAllThreads (Deoptimize)
Event: 1.678 Executing VM operation: HandshakeAllThreads (Deoptimize) done
Event: 1.779 Executing VM operation: HandshakeAllThreads (Deoptimize)
Event: 1.779 Executing VM operation: HandshakeAllThreads (Deoptimize) done
Event: 1.820 Executing VM operation: HandshakeAllThreads (Deoptimize)
Event: 1.820 Executing VM operation: HandshakeAllThreads (Deoptimize) done
Event: 1.853 Executing VM operation: HandshakeAllThreads (Deoptimize)
Event: 1.853 Executing VM operation: HandshakeAllThreads (Deoptimize) done
Event: 1.866 Executing VM operation: HandshakeAllThreads (Deoptimize)
Event: 1.866 Executing VM operation: HandshakeAllThreads (Deoptimize) done
Event: 1.886 Executing VM operation: HandshakeAllThreads (Deoptimize)
Event: 1.886 Executing VM operation: HandshakeAllThreads (Deoptimize) done
Event: 1.887 Executing VM operation: HandshakeAllThreads (Deoptimize)
Event: 1.887 Executing VM operation: HandshakeAllThreads (Deoptimize) done
Event: 3.031 Executing VM operation: G1CollectForAllocation (G1 Evacuation Pause)
Event: 3.042 Executing VM operation: G1CollectForAllocation (G1 Evacuation Pause) done

Memory protections (0 events):
No events

Nmethod flushes (0 events):
No events

Events (20 events):
Event: 0.035 Thread 0x000001b46fea71f0 Thread added: 0x000001b458025400
Event: 0.035 Thread 0x000001b46fea71f0 Thread added: 0x000001b45803fbc0
Event: 0.041 Thread 0x000001b45803fbc0 Thread added: 0x000001b47c6f0850
Event: 0.046 Thread 0x000001b46fea71f0 Thread added: 0x000001b4581fa890
Event: 0.048 Thread 0x000001b46fea71f0 Thread added: 0x000001b458203810
Event: 0.114 Thread 0x000001b47c6f0850 Thread added: 0x000001b4582db810
Event: 0.229 Thread 0x000001b46fea71f0 Thread added: 0x000001b45883ad60
Event: 0.242 Thread 0x000001b45883ad60 Thread exited: 0x000001b45883ad60
Event: 0.379 Thread 0x000001b45803fbc0 Thread added: 0x000001b458cb3c20
Event: 0.379 Thread 0x000001b45803fbc0 Thread added: 0x000001b458cb43b0
Event: 0.706 Thread 0x000001b458025400 Thread added: 0x000001b458fe57d0
Event: 0.706 Thread 0x000001b458025400 Thread added: 0x000001b458fe4ef0
Event: 0.706 Thread 0x000001b458025400 Thread added: 0x000001b458fe6370
Event: 0.714 Thread 0x000001b47c6f0850 Thread added: 0x000001b458e53fb0
Event: 1.195 Thread 0x000001b458e53fb0 Thread exited: 0x000001b458e53fb0
Event: 1.315 Thread 0x000001b458fe6370 Thread exited: 0x000001b458fe6370
Event: 1.855 Thread 0x000001b458fe4ef0 Thread exited: 0x000001b458fe4ef0
Event: 1.864 Thread 0x000001b46fea71f0 Thread added: 0x000001b459733730
Event: 3.053 Thread 0x000001b45803fbc0 Thread added: 0x000001b45a11ad50
Event: 3.058 Thread 0x000001b45803fbc0 Thread added: 0x000001b45a054680


Dynamic libraries:
0x00007ff6bd020000 - 0x00007ff6bd030000 	C:\Program Files\Java\jdk-24\bin\java.exe
0x00007ffc4e180000 - 0x00007ffc4e3e7000 	C:\Windows\SYSTEM32\ntdll.dll
0x00007ffc4caf0000 - 0x00007ffc4cbb9000 	C:\Windows\System32\KERNEL32.DLL
0x00007ffc4b770000 - 0x00007ffc4bb60000 	C:\Windows\System32\KERNELBASE.dll
0x00007ffc4bba0000 - 0x00007ffc4bceb000 	C:\Windows\System32\ucrtbase.dll
0x00007ffc2a230000 - 0x00007ffc2a246000 	C:\Program Files\Java\jdk-24\bin\jli.dll
0x00007ffc2a840000 - 0x00007ffc2a85b000 	C:\Program Files\Java\jdk-24\bin\VCRUNTIME140.dll
0x00007ffc4c0c0000 - 0x00007ffc4c285000 	C:\Windows\System32\USER32.dll
0x00007ffc2ff60000 - 0x00007ffc301fa000 	C:\Windows\WinSxS\amd64_microsoft.windows.common-controls_6595b64144ccf1df_6.0.26100.4768_none_3e0c112ce331287c\COMCTL32.dll
0x00007ffc4bb70000 - 0x00007ffc4bb97000 	C:\Windows\System32\win32u.dll
0x00007ffc4d5c0000 - 0x00007ffc4d5eb000 	C:\Windows\System32\GDI32.dll
0x00007ffc4bf10000 - 0x00007ffc4bfb9000 	C:\Windows\System32\msvcrt.dll
0x00007ffc4b580000 - 0x00007ffc4b6b8000 	C:\Windows\System32\gdi32full.dll
0x00007ffc4b6c0000 - 0x00007ffc4b763000 	C:\Windows\System32\msvcp_win.dll
0x00007ffc4d5f0000 - 0x00007ffc4d61f000 	C:\Windows\System32\IMM32.DLL
0x00007ffc1e6c0000 - 0x00007ffc1e7b2000 	C:\Program Files\Windhawk\Engine\1.6.1\64\windhawk.dll
0x00007ffc4c620000 - 0x00007ffc4c6d4000 	C:\Windows\System32\ADVAPI32.dll
0x00007ffc4df40000 - 0x00007ffc4dfe6000 	C:\Windows\System32\sechost.dll
0x00007ffc4de20000 - 0x00007ffc4df38000 	C:\Windows\System32\RPCRT4.dll
0x00007ffc37410000 - 0x00007ffc3741c000 	C:\Program Files\Java\jdk-24\bin\vcruntime140_1.dll
0x00007ffc166a0000 - 0x00007ffc1672e000 	C:\Program Files\Java\jdk-24\bin\msvcp140.dll
0x00007ffbeab90000 - 0x00007ffbeb931000 	C:\Program Files\Java\jdk-24\bin\server\jvm.dll
0x00007ffc4c990000 - 0x00007ffc4ca04000 	C:\Windows\System32\WS2_32.dll
0x00007ffc49e90000 - 0x00007ffc49eee000 	C:\Windows\SYSTEM32\POWRPROF.dll
0x00007ffc415b0000 - 0x00007ffc415e5000 	C:\Windows\SYSTEM32\WINMM.dll
0x00007ffc41360000 - 0x00007ffc4136b000 	C:\Windows\SYSTEM32\VERSION.dll
0x00007ffc49e50000 - 0x00007ffc49e64000 	C:\Windows\SYSTEM32\UMPDC.dll
0x00007ffc4a150000 - 0x00007ffc4a16b000 	C:\Windows\SYSTEM32\kernel.appcore.dll
0x00007ffc353a0000 - 0x00007ffc353aa000 	C:\Program Files\Java\jdk-24\bin\jimage.dll
0x00007ffc48380000 - 0x00007ffc485c1000 	C:\Windows\SYSTEM32\DBGHELP.DLL
0x00007ffc4c290000 - 0x00007ffc4c615000 	C:\Windows\System32\combase.dll
0x00007ffc4e050000 - 0x00007ffc4e130000 	C:\Windows\System32\OLEAUT32.dll
0x00007ffc19da0000 - 0x00007ffc19de3000 	C:\Windows\SYSTEM32\dbgcore.DLL
0x00007ffc4be70000 - 0x00007ffc4bf09000 	C:\Windows\System32\bcryptPrimitives.dll
0x00007ffc2a210000 - 0x00007ffc2a22e000 	C:\Program Files\Java\jdk-24\bin\java.dll
0x00007ffc4d410000 - 0x00007ffc4d5b0000 	C:\Windows\System32\ole32.dll
0x00007ffc4cbc0000 - 0x00007ffc4d30d000 	C:\Windows\System32\SHELL32.dll
0x00007ffc4b2b0000 - 0x00007ffc4b423000 	C:\Windows\System32\wintypes.dll
0x00007ffc48e80000 - 0x00007ffc496df000 	C:\Windows\SYSTEM32\windows.storage.dll
0x00007ffc4bfc0000 - 0x00007ffc4c0b5000 	C:\Windows\System32\SHCORE.dll
0x00007ffc4d310000 - 0x00007ffc4d37a000 	C:\Windows\System32\shlwapi.dll
0x00007ffc4b1d0000 - 0x00007ffc4b1f9000 	C:\Windows\SYSTEM32\profapi.dll
0x00007ffc0a720000 - 0x00007ffc0a7f7000 	C:\Program Files\Java\jdk-24\bin\jsvml.dll
0x00007ffc2ab80000 - 0x00007ffc2ab90000 	C:\Program Files\Java\jdk-24\bin\net.dll
0x00007ffc4a6e0000 - 0x00007ffc4a74b000 	C:\Windows\system32\mswsock.dll
0x00007ffc2a190000 - 0x00007ffc2a1a6000 	C:\Program Files\Java\jdk-24\bin\nio.dll
0x00007ffc2a170000 - 0x00007ffc2a187000 	C:\Program Files\Java\jdk-24\bin\zip.dll
0x00007ffc2a080000 - 0x00007ffc2a0a4000 	C:\apache-maven-3.9.11\lib\jansi-native\Windows\x86_64\jansi.dll
0x00007ffc2a200000 - 0x00007ffc2a210000 	C:\Program Files\Java\jdk-24\bin\verify.dll

JVMTI agents: none

dbghelp: loaded successfully - version: 4.0.5 - missing functions: none
symbol engine: initialized successfully - sym options: 0x614 - pdb path: .;C:\Program Files\Java\jdk-24\bin;C:\Windows\SYSTEM32;C:\Windows\WinSxS\amd64_microsoft.windows.common-controls_6595b64144ccf1df_6.0.26100.4768_none_3e0c112ce331287c;C:\Program Files\Windhawk\Engine\1.6.1\64;C:\Program Files\Java\jdk-24\bin\server;C:\apache-maven-3.9.11\lib\jansi-native\Windows\x86_64

VM Arguments:
jvm_args: --enable-native-access=ALL-UNNAMED -Dclassworlds.conf=C:\apache-maven-3.9.11\bin\m2.conf -Dmaven.home=C:\apache-maven-3.9.11 -Dlibrary.jansi.path=C:\apache-maven-3.9.11\lib\jansi-native -Dmaven.multiModuleProjectDirectory=C:\project\blog\blog\blog 
java_command: org.codehaus.plexus.classworlds.launcher.Launcher spring-boot:run
java_class_path (initial): C:\apache-maven-3.9.11\boot\plexus-classworlds-2.9.0.jar
Launcher Type: SUN_STANDARD

[Global flags]
     intx CICompilerCount                          = 12                                        {product} {ergonomic}
     uint ConcGCThreads                            = 3                                         {product} {ergonomic}
     uint G1ConcRefinementThreads                  = 13                                        {product} {ergonomic}
   size_t G1HeapRegionSize                         = 2097152                                   {product} {ergonomic}
   size_t InitialHeapSize                          = 264241152                                 {product} {ergonomic}
   size_t MarkStackSize                            = 4194304                                   {product} {ergonomic}
   size_t MarkStackSizeMax                         = 536870912                                 {product} {ergonomic}
   size_t MaxHeapSize                              = 4196401152                                {product} {ergonomic}
   size_t MaxNewSize                               = 2516582400                                {product} {ergonomic}
   size_t MinHeapDeltaBytes                        = 2097152                                   {product} {ergonomic}
   size_t MinHeapSize                              = 8388608                                   {product} {ergonomic}
    uintx NonNMethodCodeHeapSize                   = 7602176                                {pd product} {ergonomic}
    uintx NonProfiledCodeHeapSize                  = 122093568                              {pd product} {ergonomic}
    uintx ProfiledCodeHeapSize                     = 121962496                              {pd product} {ergonomic}
    uintx ReservedCodeCacheSize                    = 251658240                              {pd product} {ergonomic}
     bool SegmentedCodeCache                       = true                                      {product} {ergonomic}
   size_t SoftMaxHeapSize                          = 4196401152                             {manageable} {ergonomic}
     bool UseCompressedOops                        = true                           {product lp64_product} {ergonomic}
     bool UseG1GC                                  = true                                      {product} {ergonomic}
     bool UseLargePagesIndividualAllocation        = false                                  {pd product} {ergonomic}

Logging:
Log output configuration:
 #0: stdout all=warning uptime,level,tags foldmultilines=false
 #1: stderr all=off uptime,level,tags foldmultilines=false

Environment Variables:
PATH=C:\Program Files\Common Files\Oracle\Java\javapath;C:\Windows\system32;C:\Windows;C:\Windows\System32\Wbem;C:\Windows\System32\WindowsPowerShell\v1.0\;C:\Windows\System32\OpenSSH\;C:\Program Files (x86)\NVIDIA Corporation\PhysX\Common;C:\Program Files\dotnet\;C:\Program Files\Git\cmd;C:\Program Files\Docker\Docker\resources\bin;C:\Program Files\nodejs\;C:\Program Files\Microsoft SQL Server\150\Tools\Binn\;C:\Program Files\Microsoft SQL Server\Client SDK\ODBC\170\Tools\Binn\;C:\Program Files (x86)\Microsoft SQL Server\160\Tools\Binn\;C:\Program Files\Microsoft SQL Server\160\Tools\Binn\;C:\Program Files\Microsoft SQL Server\160\DTS\Binn\;C:\Program Files (x86)\Microsoft SQL Server\160\DTS\Binn\;C:\apache-maven-3.9.11\bin;C:\Program Files\Bandizip\;C:\Users\Hi ASUS TUF\AppData\Local\Microsoft\WindowsApps;C:\Users\Hi ASUS TUF\AppData\Local\Programs\Microsoft VS Code\bin;C:\Users\Hi ASUS TUF\AppData\Roaming\npm;C:\Users\Hi ASUS TUF\.dotnet\tools;C:\apache-maven-3.9.11\bin;
USERNAME=TRONG
LANG=en_US.UTF-8
OS=Windows_NT
PROCESSOR_IDENTIFIER=Intel64 Family 6 Model 154 Stepping 3, GenuineIntel
TMP=C:\Users\HIASUS~1\AppData\Local\Temp
TEMP=C:\Users\HIASUS~1\AppData\Local\Temp




Periodic native trim disabled

---------------  S Y S T E M  ---------------

OS:
 Windows 11 , 64 bit Build 26100 (10.0.26100.4768)
OS uptime: 0 days 1:28 hours
Hyper-V role detected

CPU: total 16 (initial active 16) (8 cores per cpu, 2 threads per core) family 6 model 154 stepping 3 microcode 0x434, cx8, cmov, fxsr, ht, mmx, 3dnowpref, sse, sse2, sse3, ssse3, sse4.1, sse4.2, popcnt, lzcnt, tsc, tscinvbit, avx, avx2, aes, erms, clmul, bmi1, bmi2, adx, sha, fma, vzeroupper, clflush, clflushopt, clwb, hv, serialize, rdtscp, rdpid, fsrm, gfni, f16c, cet_ibt, cet_ss
Processor Information for the first 16 processors :
  Max Mhz: 2500, Current Mhz: 2500, Mhz Limit: 2500

Memory: 4k page, system-wide physical 16004M (3038M free)
TotalPageFile size 18052M (AvailPageFile size 5M)
current process WorkingSet (physical memory assigned to process): 233M, peak: 233M
current process commit charge ("private bytes"): 414M, peak: 422M

vm_info: Java HotSpot(TM) 64-Bit Server VM (24.0.2+12-54) for windows-amd64 JRE (24.0.2+12-54), built on 2025-07-08T12:10:27Z with MS VC++ 17.6 (VS2022)

END.
